Build started 2017/6/22 21:04:57.
     1>Project "C:\Users\Administrator\Desktop\tool\projects\net\期末项目-二手书交易平台\程序集源代码\CLRDLL-格式验证\CLRDLL\CLRDLL.vcxproj" on node 2 (Rebuild target(s)).
     1>ClCompile:
         D:\visual studio 2013\VC\bin\x86_amd64\CL.exe /c /AI"C:\Program Files (x86)\Reference Assemblies\Microsoft\Framework\.NETFramework\v4.5\\" /AI"C:\Program Files (x86)\Windows Kits\8.1\References\CommonConfiguration\Neutral" /AI"C:\Program Files (x86)\Reference Assemblies\Microsoft\Framework\.NETFramework\v4.5\Facades\\" /Zi /clr /nologo /W3 /WX- /Od /D WIN32 /D _DEBUG /D _WINDLL /D _UNICODE /D UNICODE /EHa /MDd /GS /fp:precise /Zc:wchar_t /Zc:forScope /Yc"stdafx.h" /Fp"x64\Debug\CLRDLL.pch" /Fo"x64\Debug\\" /Fd"x64\Debug\vc120.pdb" /TP /FU"C:\Program Files (x86)\Reference Assemblies\Microsoft\Framework\.NETFramework\v4.5\mscorlib.dll" /FU"C:\Program Files (x86)\Reference Assemblies\Microsoft\Framework\.NETFramework\v4.5\System.Data.dll" /FU"C:\Program Files (x86)\Reference Assemblies\Microsoft\Framework\.NETFramework\v4.5\System.dll" /FU"C:\Program Files (x86)\Reference Assemblies\Microsoft\Framework\.NETFramework\v4.5\System.Xml.dll" /errorReport:prompt /clr:nostdlib Stdafx.cpp
         Stdafx.cpp
         D:\visual studio 2013\VC\bin\x86_amd64\CL.exe /c /AI"C:\Program Files (x86)\Reference Assemblies\Microsoft\Framework\.NETFramework\v4.5\\" /AI"C:\Program Files (x86)\Windows Kits\8.1\References\CommonConfiguration\Neutral" /AI"C:\Program Files (x86)\Reference Assemblies\Microsoft\Framework\.NETFramework\v4.5\Facades\\" /Zi /clr /nologo /W3 /WX- /Od /D WIN32 /D _DEBUG /D _WINDLL /D _UNICODE /D UNICODE /EHa /MDd /GS /fp:precise /Zc:wchar_t /Zc:forScope /Yu"stdafx.h" /Fp"x64\Debug\CLRDLL.pch" /Fo"x64\Debug\\" /Fd"x64\Debug\vc120.pdb" /TP /FU"C:\Program Files (x86)\Reference Assemblies\Microsoft\Framework\.NETFramework\v4.5\mscorlib.dll" /FU"C:\Program Files (x86)\Reference Assemblies\Microsoft\Framework\.NETFramework\v4.5\System.Data.dll" /FU"C:\Program Files (x86)\Reference Assemblies\Microsoft\Framework\.NETFramework\v4.5\System.dll" /FU"C:\Program Files (x86)\Reference Assemblies\Microsoft\Framework\.NETFramework\v4.5\System.Xml.dll" /errorReport:prompt /clr:nostdlib AssemblyInfo.cpp CLRDLL.cpp
         AssemblyInfo.cpp
         CLRDLL.cpp
     1>CLRDLL.cpp(50): warning C4267: '=' : conversion from 'size_t' to 'int', possible loss of data
     1>CLRDLL.cpp(51): warning C4267: '=' : conversion from 'size_t' to 'int', possible loss of data
         Generating Code...
         D:\visual studio 2013\VC\bin\x86_amd64\CL.exe /c /Zi /clr /nologo /W3 /WX- /Od /D WIN32 /D _DEBUG /D _WINDLL /D _UNICODE /D UNICODE /EHa /MDd /GS /fp:precise /Zc:wchar_t /Zc:forScope /Fo"x64\Debug\\" /Fd"x64\Debug\vc120.pdb" /TP /errorReport:prompt "C:\Users\Administrator\AppData\Local\Temp\.NETFramework,Version=v4.5.AssemblyAttributes.cpp"
         .NETFramework,Version=v4.5.AssemblyAttributes.cpp
       ResourceCompile:
         C:\Program Files (x86)\Windows Kits\8.1\bin\x86\rc.exe /D _UNICODE /D UNICODE /l"0x0409" /nologo /fo"x64\Debug\app.res" app.rc 
       Link:
         D:\visual studio 2013\VC\bin\x86_amd64\link.exe /ERRORREPORT:PROMPT /OUT:"C:\Users\Administrator\Desktop\tool\projects\net\期末项目-二手书交易平台\程序集源代码\CLRDLL-格式验证\x64\Debug\CLRDLL.dll" /INCREMENTAL /NOLOGO /MANIFEST /MANIFESTUAC:"level='asInvoker' uiAccess='false'" /manifest:embed /DEBUG /PDB:"C:\Users\Administrator\Desktop\tool\projects\net\期末项目-二手书交易平台\程序集源代码\CLRDLL-格式验证\x64\Debug\CLRDLL.pdb" /ASSEMBLYDEBUG /TLBID:1 /DYNAMICBASE /FIXED:NO /NXCOMPAT /MACHINE:X64 /DLL x64\Debug\app.res
         x64\Debug\AssemblyInfo.obj
         x64\Debug\CLRDLL.obj
         x64\Debug\Stdafx.obj
         "x64\Debug\.NETFramework,Version=v4.5.AssemblyAttributes.obj"
         CLRDLL.vcxproj -> C:\Users\Administrator\Desktop\tool\projects\net\期末项目-二手书交易平台\程序集源代码\CLRDLL-格式验证\x64\Debug\CLRDLL.dll
     1>Done Building Project "C:\Users\Administrator\Desktop\tool\projects\net\期末项目-二手书交易平台\程序集源代码\CLRDLL-格式验证\CLRDLL\CLRDLL.vcxproj" (Rebuild target(s)).

Build succeeded.

Time Elapsed 00:00:05.82
