c:\users\administrator\desktop\tool\projects\net\期末项目-二手书交易平台\程序集源代码\clrdll-格式验证\clrdll\debug\clrdll.pch
c:\users\administrator\desktop\tool\projects\net\期末项目-二手书交易平台\程序集源代码\clrdll-格式验证\clrdll\debug\vc120.pdb
c:\users\administrator\desktop\tool\projects\net\期末项目-二手书交易平台\程序集源代码\clrdll-格式验证\clrdll\debug\stdafx.obj
c:\users\administrator\desktop\tool\projects\net\期末项目-二手书交易平台\程序集源代码\clrdll-格式验证\clrdll\debug\clrdll.obj
c:\users\administrator\desktop\tool\projects\net\期末项目-二手书交易平台\程序集源代码\clrdll-格式验证\clrdll\debug\assemblyinfo.obj
d:\documents\visual studio 2013\projects\clrdll\debug\clrdll.dll
d:\documents\visual studio 2013\projects\clrdll\debug\clrdll.pdb
c:\users\administrator\desktop\tool\projects\net\期末项目-二手书交易平台\程序集源代码\clrdll-格式验证\debug\clrdll.dll
c:\users\administrator\desktop\tool\projects\net\期末项目-二手书交易平台\程序集源代码\clrdll-格式验证\debug\clrdll.pdb
c:\users\administrator\desktop\tool\projects\net\期末项目-二手书交易平台\程序集源代码\clrdll-格式验证\clrdll\debug\app.res
c:\users\administrator\desktop\tool\projects\net\期末项目-二手书交易平台\程序集源代码\clrdll-格式验证\clrdll\debug\clrdll.vcxprojresolveassemblyreference.cache
c:\users\administrator\desktop\tool\projects\net\期末项目-二手书交易平台\程序集源代码\clrdll-格式验证\clrdll\debug\.netframework,version=v4.5.assemblyattributes.obj
c:\users\administrator\desktop\tool\projects\net\期末项目-二手书交易平台\程序集源代码\clrdll-格式验证\clrdll\debug\clrdll.tlog\cl.command.1.tlog
c:\users\administrator\desktop\tool\projects\net\期末项目-二手书交易平台\程序集源代码\clrdll-格式验证\clrdll\debug\clrdll.tlog\cl.read.1.tlog
c:\users\administrator\desktop\tool\projects\net\期末项目-二手书交易平台\程序集源代码\clrdll-格式验证\clrdll\debug\clrdll.tlog\cl.write.1.tlog
c:\users\administrator\desktop\tool\projects\net\期末项目-二手书交易平台\程序集源代码\clrdll-格式验证\clrdll\debug\clrdll.tlog\link.command.1.tlog
c:\users\administrator\desktop\tool\projects\net\期末项目-二手书交易平台\程序集源代码\clrdll-格式验证\clrdll\debug\clrdll.tlog\link.read.1.tlog
c:\users\administrator\desktop\tool\projects\net\期末项目-二手书交易平台\程序集源代码\clrdll-格式验证\clrdll\debug\clrdll.tlog\link.write.1.tlog
c:\users\administrator\desktop\tool\projects\net\期末项目-二手书交易平台\程序集源代码\clrdll-格式验证\clrdll\debug\clrdll.tlog\metagen.read.1.tlog
c:\users\administrator\desktop\tool\projects\net\期末项目-二手书交易平台\程序集源代码\clrdll-格式验证\clrdll\debug\clrdll.tlog\metagen.write.1.tlog
c:\users\administrator\desktop\tool\projects\net\期末项目-二手书交易平台\程序集源代码\clrdll-格式验证\clrdll\debug\clrdll.tlog\rc.command.1.tlog
c:\users\administrator\desktop\tool\projects\net\期末项目-二手书交易平台\程序集源代码\clrdll-格式验证\clrdll\debug\clrdll.tlog\rc.read.1.tlog
c:\users\administrator\desktop\tool\projects\net\期末项目-二手书交易平台\程序集源代码\clrdll-格式验证\clrdll\debug\clrdll.tlog\rc.write.1.tlog
c:\users\administrator\desktop\tool\projects\net\期末项目-二手书交易平台\程序集源代码\clrdll-格式验证\clrdll\debug\clrdll.tlog\tzres.dll.bi
