d:\documents\visual studio 2013\projects\msgbus\msgbus\debug\msgbus.pch
d:\documents\visual studio 2013\projects\msgbus\msgbus\debug\vc120.pdb
d:\documents\visual studio 2013\projects\msgbus\msgbus\debug\vc120.idb
d:\documents\visual studio 2013\projects\msgbus\msgbus\debug\stdafx.obj
d:\documents\visual studio 2013\projects\msgbus\msgbus\debug\compreg.obj
d:\documents\visual studio 2013\projects\msgbus\msgbus\debug\msgbus.obj
d:\documents\visual studio 2013\projects\msgbus\msgbus\debug\dllmain.obj
d:\documents\visual studio 2013\projects\msgbus\msgbus\debug\msgbus_i.obj
d:\documents\visual studio 2013\projects\msgbus\msgbus\debug\xdlldata.obj
d:\documents\visual studio 2013\projects\msgbus\msgbus\debug\msgbus.tlb
d:\documents\visual studio 2013\projects\msgbus\msgbus\msgbus_p.c
d:\documents\visual studio 2013\projects\msgbus\msgbus\msgbus_i.c
d:\documents\visual studio 2013\projects\msgbus\msgbus\msgbus_i.h
d:\documents\visual studio 2013\projects\msgbus\msgbus\debug\msgbus.res
d:\documents\visual studio 2013\projects\msgbus\debug\msgbus.pdb
d:\documents\visual studio 2013\projects\msgbus\msgbus\debug\msgbus.tlog\cl.command.1.tlog
d:\documents\visual studio 2013\projects\msgbus\msgbus\debug\msgbus.tlog\cl.read.1.tlog
d:\documents\visual studio 2013\projects\msgbus\msgbus\debug\msgbus.tlog\cl.write.1.tlog
d:\documents\visual studio 2013\projects\msgbus\msgbus\debug\msgbus.tlog\link-cvtres.read.1.tlog
d:\documents\visual studio 2013\projects\msgbus\msgbus\debug\msgbus.tlog\link-cvtres.write.1.tlog
d:\documents\visual studio 2013\projects\msgbus\msgbus\debug\msgbus.tlog\link-rc.read.1.tlog
d:\documents\visual studio 2013\projects\msgbus\msgbus\debug\msgbus.tlog\link-rc.write.1.tlog
d:\documents\visual studio 2013\projects\msgbus\msgbus\debug\msgbus.tlog\link.command.1.tlog
d:\documents\visual studio 2013\projects\msgbus\msgbus\debug\msgbus.tlog\link.read.1.tlog
d:\documents\visual studio 2013\projects\msgbus\msgbus\debug\msgbus.tlog\link.write.1.tlog
d:\documents\visual studio 2013\projects\msgbus\msgbus\debug\msgbus.tlog\midl.command.1.tlog
d:\documents\visual studio 2013\projects\msgbus\msgbus\debug\msgbus.tlog\midl.read.1.tlog
d:\documents\visual studio 2013\projects\msgbus\msgbus\debug\msgbus.tlog\midl.write.1.tlog
d:\documents\visual studio 2013\projects\msgbus\msgbus\debug\msgbus.tlog\rc.command.1.tlog
d:\documents\visual studio 2013\projects\msgbus\msgbus\debug\msgbus.tlog\rc.read.1.tlog
d:\documents\visual studio 2013\projects\msgbus\msgbus\debug\msgbus.tlog\rc.write.1.tlog
